#
# A fatal error has been detected by the Java Runtime Environment:
#
#  Internal Error (javaClasses.cpp:126), pid=6064, tid=3896
#  fatal error: Invalid layout of preloaded class
#
# JRE version:  (8.0_31-b13) (build )
# Java VM: Java HotSpot(TM) 64-Bit Server VM (25.31-b07 mixed mode windows-amd64 compressed oops)
# Failed to write core dump. Minidumps are not enabled by default on client versions of Windows
#
# If you would like to submit a bug report, please visit:
#   http://bugreport.java.com/bugreport/crash.jsp
#

---------------  T H R E A D  ---------------

Current thread (0x00000000024f0800):  JavaThread "Unknown thread" [_thread_in_vm, id=3896, stack(0x00000000023f0000,0x00000000024f0000)]

Stack: [0x00000000023f0000,0x00000000024f0000]
[error occurred during error reporting (printing stack bounds), id 0xc0000005]

Native frames: (J=compiled Java code, j=interpreted, Vv=VM code, C=native code)
V  [jvm.dll+0x3169ba]
V  [jvm.dll+0x2674c3]
V  [jvm.dll+0x268103]
V  [jvm.dll+0x2885c4]
C  [KERNELBASE.dll+0xdc3e2]
C  [ntdll.dll+0xa8114]
C  [ntdll.dll+0x8988f]
C  [ntdll.dll+0x9a77d]
C  [ntdll.dll+0x429fb]
C  [ntdll.dll+0x9993e]
V  [jvm.dll+0x206c01]


---------------  P R O C E S S  ---------------

Java Threads: ( => current thread )

Other Threads:

=>0x00000000024f0800 (exited) JavaThread "Unknown thread" [_thread_in_vm, id=3896, stack(0x00000000023f0000,0x00000000024f0000)]

VM state:not at safepoint (not fully initialized)

VM Mutex/Monitor currently owned by a thread: None

GC Heap History (0 events):
No events

Deoptimization events (0 events):
No events

Internal exceptions (0 events):
No events

Events (10 events):
Event: 0.011 loading class java/lang/CharSequence done
Event: 0.012 loading class java/lang/String done
Event: 0.012 loading class java/lang/Class
Event: 0.012 loading class java/lang/reflect/AnnotatedElement
Event: 0.012 loading class java/lang/reflect/AnnotatedElement done
Event: 0.012 loading class java/lang/reflect/GenericDeclaration
Event: 0.012 loading class java/lang/reflect/GenericDeclaration done
Event: 0.012 loading class java/lang/reflect/Type
Event: 0.012 loading class java/lang/reflect/Type done
Event: 0.012 loading class java/lang/Class done


Dynamic libraries:
0x00007ff7de020000 - 0x00007ff7de054000 	C:\Program Files\Java\jre1.8.0_31\bin\javaw.exe
0x00007fff11630000 - 0x00007fff117d9000 	C:\Windows\SYSTEM32\ntdll.dll
0x00007fff10d70000 - 0x00007fff10ea9000 	C:\Windows\system32\KERNEL32.DLL
0x00007fff0ebd0000 - 0x00007fff0ecde000 	C:\Windows\system32\KERNELBASE.dll
0x00007fff0d630000 - 0x00007fff0d6bb000 	C:\Windows\system32\apphelp.dll
0x00007fff01850000 - 0x00007fff0189f000 	C:\Windows\AppPatch\AppPatch64\AcGenral.DLL
0x00007fff0f310000 - 0x00007fff0f3b7000 	C:\Windows\system32\msvcrt.dll
0x00007fff0e780000 - 0x00007fff0e7ab000 	C:\Windows\SYSTEM32\SspiCli.dll
0x00007fff0f0b0000 - 0x00007fff0f101000 	C:\Windows\system32\SHLWAPI.dll
0x00007fff10a30000 - 0x00007fff10ba1000 	C:\Windows\system32\USER32.dll
0x00007fff10850000 - 0x00007fff109c5000 	C:\Windows\system32\ole32.dll
0x00007fff0f440000 - 0x00007fff1084f000 	C:\Windows\system32\SHELL32.dll
0x00007fff0dfc0000 - 0x00007fff0dfdf000 	C:\Windows\SYSTEM32\USERENV.dll
0x00007fff11280000 - 0x00007fff11325000 	C:\Windows\system32\ADVAPI32.dll
0x00007fff09410000 - 0x00007fff0942b000 	C:\Windows\SYSTEM32\MPR.dll
0x00007fff0f110000 - 0x00007fff0f246000 	C:\Windows\system32\RPCRT4.dll
0x00007fff11330000 - 0x00007fff11387000 	C:\Windows\SYSTEM32\sechost.dll
0x00007fff110a0000 - 0x00007fff11277000 	C:\Windows\SYSTEM32\combase.dll
0x00007fff0eec0000 - 0x00007fff0f005000 	C:\Windows\system32\GDI32.dll
0x00007fff0e9b0000 - 0x00007fff0e9c4000 	C:\Windows\SYSTEM32\profapi.dll
0x00007fff0d280000 - 0x00007fff0d321000 	C:\Windows\SYSTEM32\SHCORE.dll
0x00007fff0f070000 - 0x00007fff0f0a4000 	C:\Windows\system32\IMM32.DLL
0x00007fff10f60000 - 0x00007fff11098000 	C:\Windows\system32\MSCTF.dll
0x00007fff0ce20000 - 0x00007fff0d07a000 	C:\Windows\WinSxS\amd64_microsoft.windows.common-controls_6595b64144ccf1df_6.0.9600.16384_none_62475f7becb72503\COMCTL32.dll
0x0000000060490000 - 0x0000000060562000 	C:\Program Files\Java\jre1.8.0_31\bin\msvcr100.dll
0x0000000061310000 - 0x0000000061b6a000 	C:\Program Files\Java\jre1.8.0_31\bin\server\jvm.dll
0x00007fff0b450000 - 0x00007fff0b459000 	C:\Windows\SYSTEM32\WSOCK32.dll
0x00007fff0b400000 - 0x00007fff0b41f000 	C:\Windows\SYSTEM32\WINMM.dll
0x00007fff10bb0000 - 0x00007fff10bb7000 	C:\Windows\system32\PSAPI.DLL
0x00007fff0f010000 - 0x00007fff0f068000 	C:\Windows\system32\WS2_32.dll
0x00007fff0ae60000 - 0x00007fff0ae8a000 	C:\Windows\SYSTEM32\WINMMBASE.dll
0x00007fff11570000 - 0x00007fff11579000 	C:\Windows\system32\NSI.dll
0x00007fff0eb80000 - 0x00007fff0ebca000 	C:\Windows\SYSTEM32\cfgmgr32.dll
0x00007fff0d830000 - 0x00007fff0d856000 	C:\Windows\SYSTEM32\DEVOBJ.dll
0x0000000061220000 - 0x000000006122f000 	C:\Program Files\Java\jre1.8.0_31\bin\verify.dll
0x00000000611f0000 - 0x0000000061218000 	C:\Program Files\Java\jre1.8.0_31\bin\java.dll
0x00000000611d0000 - 0x00000000611e6000 	C:\Program Files\Java\jre1.8.0_31\bin\zip.dll
0x00007fff0b010000 - 0x00007fff0b198000 	C:\Windows\SYSTEM32\dbghelp.dll

VM Arguments:
jvm_args: -Dfile.encoding=Cp1252 -Xbootclasspath:C:\adt-bundle-windows-x86_64-20131030\sdk\platforms\android-19\android.jar 
java_command: org.eclipse.jdt.internal.junit.runner.RemoteTestRunner -version 3 -port 55803 -testLoaderClass org.eclipse.jdt.internal.junit.runner.junit3.JUnit3TestLoader -loaderpluginname org.eclipse.jdt.junit.runtime -classNames com.androidweatherapp.test.WeatherForecastTest
java_class_path (initial): C:\Users\Filippo-TheAppExpert\workspace\AndroidWeatherApp\bin\classes;C:\Users\Filippo-TheAppExpert\workspace\AndroidWeatherApp\libs\picasso-2.3.4.jar;C:\Users\Filippo-TheAppExpert\workspace\AndroidWeatherApp\libs\volley.jar;C:\Users\Filippo-TheAppExpert\workspace\AndroidWeatherApp\libs\android-support-v4.jar;/C:/adt-bundle-windows-x86_64-20131030/eclipse/configuration/org.eclipse.osgi/bundles/200/1/.cp/
Launcher Type: SUN_STANDARD

Environment Variables:
JAVA_HOME=C:\Program Files\Java\jdk1.8.0_25\
PATH=C:/Program Files/Java/jre1.8.0_31/bin/server;C:/Program Files/Java/jre1.8.0_31/bin;C:/Program Files/Java/jre1.8.0_31/lib/amd64;C:\ProgramData\Oracle\Java\javapath;C:\Windows\system32;C:\Windows;C:\Windows\System32\Wbem;C:\Windows\System32\WindowsPowerShell\v1.0\;C:\Users\FILIPP~1\AppData\Local\GitHub\izf3ofj2.lba\bin;C:\adt-bundle-windows-x86_64-20131030\eclipse;
USERNAME=Filippo-TheAppExpert
OS=Windows_NT
PROCESSOR_IDENTIFIER=Intel64 Family 6 Model 69 Stepping 1, GenuineIntel



---------------  S Y S T E M  ---------------

OS: Windows 8.1 , 64 bit Build 9600 

CPU:total 4 (2 cores per cpu, 2 threads per core) family 6 model 69 stepping 1, cmov, cx8, fxsr, mmx, sse, sse2, sse3, ssse3, sse4.1, sse4.2, popcnt, avx, avx2, aes, clmul, erms, lzcnt, ht, tsc, tscinvbit, bmi1, bmi2

Memory: 4k page, physical 8317076k(4957244k free), swap 16705684k(12291720k free)

vm_info: Java HotSpot(TM) 64-Bit Server VM (25.31-b07) for windows-amd64 JRE (1.8.0_31-b13), built on Dec 17 2014 21:00:28 by "java_re" with MS VC++ 10.0 (VS2010)

time: Mon Jan 26 11:52:32 2015
elapsed time: 0 seconds (0d 0h 0m 0s)

